<?xml version="1.0" encoding="UTF-8"?>
<!-- Generated by org.testng.reporters.JUnitReportReporter -->
<testsuite hostname="ARKM89466" name="Suite.RunTransfer" tests="3" failures="0" timestamp="3 Sep 2020 19:35:41 GMT" time="6,643" errors="0">
  <testcase name="TransferMidwaytoMidway" time="0,845" classname="Suite.RunTransfer"/>
  <testcase name="TransferMidwaytoBanks" time="4,892" classname="Suite.RunTransfer"/>
  <testcase name="TransferMidwaytoSantander" time="0,906" classname="Suite.RunTransfer"/>
</testsuite>
