<?xml version="1.0" encoding="UTF-8"?>
<!-- Generated by org.testng.reporters.JUnitReportReporter -->
<testsuite hostname="ARKM89466" name="Tests.login" tests="1" failures="0" timestamp="22 Jun 2020 17:55:54 GMT" time="1,966" errors="0">
  <testcase name="postLogin" time="1,966" classname="Tests.login"/>
</testsuite>
