<?xml version="1.0" encoding="UTF-8"?>
<!-- Generated by org.testng.reporters.JUnitReportReporter -->
<testsuite hostname="ARKM89466" name="googleMapsTests.login" tests="1" failures="0" timestamp="26 May 2020 16:42:08 GMT" time="2,130" errors="0">
  <testcase name="postLogin" time="2,130" classname="googleMapsTests.login"/>
</testsuite>
