<?xml version="1.0" encoding="UTF-8"?>
<!-- Generated by org.testng.reporters.JUnitReportReporter -->
<testsuite hostname="ARKM89466" name="orchestrator.ForgotPassword" tests="1" failures="0" timestamp="22 Jun 2020 18:46:38 GMT" time="3,235" errors="0">
  <testcase name="postLogin" time="3,235" classname="orchestrator.ForgotPassword"/>
</testsuite>
