<?xml version="1.0" encoding="UTF-8"?>
<!-- Generated by org.testng.reporters.JUnitReportReporter -->
<testsuite hostname="ARKM89466" name="orchestrator.transfer" tests="1" failures="0" timestamp="27 Aug 2020 20:37:20 GMT" time="3,678" errors="0">
  <testcase name="post" time="3,678" classname="orchestrator.transfer"/>
</testsuite>
