<?xml version="1.0" encoding="UTF-8"?>
<!-- Generated by org.testng.reporters.JUnitReportReporter -->
<testsuite hostname="ARKM89466" name="orchestrator.login" tests="1" failures="0" timestamp="22 Jun 2020 18:47:02 GMT" time="3,397" errors="0">
  <testcase name="postLogin" time="3,397" classname="orchestrator.login"/>
</testsuite>
